# JRE version: OpenJDK Runtime Environment (21.0.8) (build 21.0.8+-14196175-b1038.72)
# Java VM: OpenJDK 64-Bit Server VM (21.0.8+-14196175-b1038.72, mixed mode, tiered, compressed oops, compressed class ptrs, g1 gc, windows-amd64)
GC Precious Log:
 CardTable entry size: 512
 Card Set container configuration: InlinePtr #cards 4 size 8 Array Of Cards #cards 16 size 48 Howl #buckets 8 coarsen threshold 3686 Howl Bitmap #cards 512 size 80 coarsen threshold 460 Card regions per heap region 1 cards per card region 4096
 CPUs: 12 total, 12 available
 Memory: 15676M
 Large Page Support: Disabled
 NUMA Support: Disabled
 Compressed Oops: Enabled (Zero based)
 Heap Region Size: 2M
 Heap Min Capacity: 8M
 Heap Initial Capacity: 246M
 Heap Max Capacity: 4G
 Pre-touch: Disabled
 Parallel Workers: 10
 Concurrent Workers: 3
 Concurrent Refinement Workers: 10
 Periodic GC: Disabled
Heap:
 garbage-first heap   total 90112K, used 50714K [0x0000000700000000, 0x0000000800000000)
  region size 2048K, 1 young (2048K), 1 survivors (2048K)
 Metaspace       used 69600K, committed 71232K, reserved 491520K
  class space    used 9819K, committed 10624K, reserved 425984K
GC Heap History (20 events):
Event: 14.974 GC heap after
{Heap after GC invocations=11 (full 0):
 garbage-first heap   total 90112K, used 37269K [0x0000000700000000, 0x0000000800000000)
  region size 2048K, 2 young (4096K), 2 survivors (4096K)
 Metaspace       used 52785K, committed 54080K, reserved 491520K
  class space    used 7176K, committed 7808K, reserved 425984K
}
Event: 15.535 GC heap before
{Heap before GC invocations=11 (full 0):
 garbage-first heap   total 90112K, used 78229K [0x0000000700000000, 0x0000000800000000)
  region size 2048K, 22 young (45056K), 2 survivors (4096K)
 Metaspace       used 54597K, committed 56064K, reserved 491520K
  class space    used 7478K, committed 8192K, reserved 425984K
}
Event: 15.539 GC heap after
{Heap after GC invocations=12 (full 0):
 garbage-first heap   total 90112K, used 38961K [0x0000000700000000, 0x0000000800000000)
  region size 2048K, 3 young (6144K), 3 survivors (6144K)
 Metaspace       used 54597K, committed 56064K, reserved 491520K
  class space    used 7478K, committed 8192K, reserved 425984K
}
Event: 16.794 GC heap before
{Heap before GC invocations=12 (full 0):
 garbage-first heap   total 90112K, used 73777K [0x0000000700000000, 0x0000000800000000)
  region size 2048K, 21 young (43008K), 3 survivors (6144K)
 Metaspace       used 58691K, committed 60160K, reserved 491520K
  class space    used 8158K, committed 8896K, reserved 425984K
}
Event: 16.799 GC heap after
{Heap after GC invocations=13 (full 0):
 garbage-first heap   total 90112K, used 40404K [0x0000000700000000, 0x0000000800000000)
  region size 2048K, 2 young (4096K), 2 survivors (4096K)
 Metaspace       used 58691K, committed 60160K, reserved 491520K
  class space    used 8158K, committed 8896K, reserved 425984K
}
Event: 18.019 GC heap before
{Heap before GC invocations=14 (full 0):
 garbage-first heap   total 90112K, used 77268K [0x0000000700000000, 0x0000000800000000)
  region size 2048K, 20 young (40960K), 2 survivors (4096K)
 Metaspace       used 63054K, committed 64576K, reserved 491520K
  class space    used 8819K, committed 9536K, reserved 425984K
}
Event: 18.024 GC heap after
{Heap after GC invocations=15 (full 0):
 garbage-first heap   total 90112K, used 42914K [0x0000000700000000, 0x0000000800000000)
  region size 2048K, 2 young (4096K), 2 survivors (4096K)
 Metaspace       used 63054K, committed 64576K, reserved 491520K
  class space    used 8819K, committed 9536K, reserved 425984K
}
Event: 19.727 GC heap before
{Heap before GC invocations=15 (full 0):
 garbage-first heap   total 90112K, used 79778K [0x0000000700000000, 0x0000000800000000)
  region size 2048K, 20 young (40960K), 2 survivors (4096K)
 Metaspace       used 67623K, committed 69248K, reserved 491520K
  class space    used 9563K, committed 10368K, reserved 425984K
}
Event: 19.735 GC heap after
{Heap after GC invocations=16 (full 0):
 garbage-first heap   total 90112K, used 44865K [0x0000000700000000, 0x0000000800000000)
  region size 2048K, 3 young (6144K), 3 survivors (6144K)
 Metaspace       used 67623K, committed 69248K, reserved 491520K
  class space    used 9563K, committed 10368K, reserved 425984K
}
Event: 21.103 GC heap before
{Heap before GC invocations=16 (full 0):
 garbage-first heap   total 90112K, used 73537K [0x0000000700000000, 0x0000000800000000)
  region size 2048K, 18 young (36864K), 3 survivors (6144K)
 Metaspace       used 69492K, committed 71168K, reserved 491520K
  class space    used 9819K, committed 10624K, reserved 425984K
}
Event: 22.119 GC heap after
{Heap after GC invocations=17 (full 0):
 garbage-first heap   total 90112K, used 48133K [0x0000000700000000, 0x0000000800000000)
  region size 2048K, 3 young (6144K), 3 survivors (6144K)
 Metaspace       used 69492K, committed 71168K, reserved 491520K
  class space    used 9819K, committed 10624K, reserved 425984K
}
Event: 22.142 GC heap before
{Heap before GC invocations=17 (full 0):
 garbage-first heap   total 90112K, used 50181K [0x0000000700000000, 0x0000000800000000)
  region size 2048K, 4 young (8192K), 3 survivors (6144K)
 Metaspace       used 69525K, committed 71168K, reserved 491520K
  class space    used 9819K, committed 10624K, reserved 425984K
}
Event: 22.147 GC heap after
{Heap after GC invocations=18 (full 0):
 garbage-first heap   total 90112K, used 49108K [0x0000000700000000, 0x0000000800000000)
  region size 2048K, 1 young (2048K), 1 survivors (2048K)
 Metaspace       used 69525K, committed 71168K, reserved 491520K
  class space    used 9819K, committed 10624K, reserved 425984K
}
Event: 22.187 GC heap before
{Heap before GC invocations=19 (full 0):
 garbage-first heap   total 90112K, used 51156K [0x0000000700000000, 0x0000000800000000)
  region size 2048K, 2 young (4096K), 1 survivors (2048K)
 Metaspace       used 69543K, committed 71232K, reserved 491520K
  class space    used 9819K, committed 10624K, reserved 425984K
}
Event: 22.189 GC heap after
{Heap after GC invocations=20 (full 0):
 garbage-first heap   total 90112K, used 49269K [0x0000000700000000, 0x0000000800000000)
  region size 2048K, 1 young (2048K), 1 survivors (2048K)
 Metaspace       used 69543K, committed 71232K, reserved 491520K
  class space    used 9819K, committed 10624K, reserved 425984K
}
Event: 22.212 GC heap before
{Heap before GC invocations=20 (full 0):
 garbage-first heap   total 90112K, used 49269K [0x0000000700000000, 0x0000000800000000)
  region size 2048K, 2 young (4096K), 1 survivors (2048K)
 Metaspace       used 69566K, committed 71232K, reserved 491520K
  class space    used 9819K, committed 10624K, reserved 425984K
}
Event: 22.215 GC heap after
{Heap after GC invocations=21 (full 0):
 garbage-first heap   total 90112K, used 49205K [0x0000000700000000, 0x0000000800000000)
  region size 2048K, 1 young (2048K), 1 survivors (2048K)
 Metaspace       used 69566K, committed 71232K, reserved 491520K
  class space    used 9819K, committed 10624K, reserved 425984K
}
Event: 22.236 GC heap before
{Heap before GC invocations=21 (full 0):
 garbage-first heap   total 90112K, used 51253K [0x0000000700000000, 0x0000000800000000)
  region size 2048K, 2 young (4096K), 1 survivors (2048K)
 Metaspace       used 69582K, committed 71232K, reserved 491520K
  class space    used 9819K, committed 10624K, reserved 425984K
}
Event: 22.239 GC heap after
{Heap after GC invocations=22 (full 0):
 garbage-first heap   total 90112K, used 49930K [0x0000000700000000, 0x0000000800000000)
  region size 2048K, 1 young (2048K), 1 survivors (2048K)
 Metaspace       used 69582K, committed 71232K, reserved 491520K
  class space    used 9819K, committed 10624K, reserved 425984K
}
Event: 22.270 GC heap before
{Heap before GC invocations=22 (full 0):
 garbage-first heap   total 90112K, used 51978K [0x0000000700000000, 0x0000000800000000)
  region size 2048K, 2 young (4096K), 1 survivors (2048K)
 Metaspace       used 69600K, committed 71232K, reserved 491520K
  class space    used 9819K, committed 10624K, reserved 425984K
}

