# JRE version: OpenJDK Runtime Environment (21.0.8) (build 21.0.8+-14196175-b1038.72)
# Java VM: OpenJDK 64-Bit Server VM (21.0.8+-14196175-b1038.72, mixed mode, tiered, compressed oops, compressed class ptrs, g1 gc, windows-amd64)
GC Precious Log:
 CardTable entry size: 512
 Card Set container configuration: InlinePtr #cards 4 size 8 Array Of Cards #cards 32 size 80 Howl #buckets 8 coarsen threshold 7372 Howl Bitmap #cards 1024 size 144 coarsen threshold 921 Card regions per heap region 1 cards per card region 8192
 CPUs: 12 total, 12 available
 Memory: 15676M
 Large Page Support: Disabled
 NUMA Support: Disabled
 Compressed Oops: Enabled (Zero based)
 Heap Region Size: 4M
 Heap Min Capacity: 8M
 Heap Initial Capacity: 248M
 Heap Max Capacity: 6G
 Pre-touch: Disabled
 Parallel Workers: 10
 Concurrent Workers: 3
 Concurrent Refinement Workers: 10
 Periodic GC: Disabled
Heap:
 garbage-first heap   total 331776K, used 215462K [0x0000000680000000, 0x0000000800000000)
  region size 4096K, 5 young (20480K), 3 survivors (12288K)
 Metaspace       used 154272K, committed 157056K, reserved 1048576K
  class space    used 21385K, committed 22656K, reserved 851968K
GC Heap History (20 events):
Event: 63.647 GC heap before
{Heap before GC invocations=54 (full 0):
 garbage-first heap   total 245760K, used 212850K [0x0000000680000000, 0x0000000800000000)
  region size 4096K, 22 young (90112K), 3 survivors (12288K)
 Metaspace       used 141612K, committed 143936K, reserved 983040K
  class space    used 19505K, committed 20672K, reserved 851968K
}
Event: 63.657 GC heap after
{Heap after GC invocations=55 (full 0):
 garbage-first heap   total 245760K, used 141680K [0x0000000680000000, 0x0000000800000000)
  region size 4096K, 3 young (12288K), 3 survivors (12288K)
 Metaspace       used 141612K, committed 143936K, reserved 983040K
  class space    used 19505K, committed 20672K, reserved 851968K
}
Event: 65.085 GC heap before
{Heap before GC invocations=56 (full 0):
 garbage-first heap   total 245760K, used 215408K [0x0000000680000000, 0x0000000800000000)
  region size 4096K, 21 young (86016K), 3 survivors (12288K)
 Metaspace       used 146230K, committed 148672K, reserved 983040K
  class space    used 20237K, committed 21440K, reserved 851968K
}
Event: 65.093 GC heap after
{Heap after GC invocations=57 (full 0):
 garbage-first heap   total 245760K, used 144690K [0x0000000680000000, 0x0000000800000000)
  region size 4096K, 2 young (8192K), 2 survivors (8192K)
 Metaspace       used 146230K, committed 148672K, reserved 983040K
  class space    used 20237K, committed 21440K, reserved 851968K
}
Event: 66.015 GC heap before
{Heap before GC invocations=57 (full 0):
 garbage-first heap   total 245760K, used 222514K [0x0000000680000000, 0x0000000800000000)
  region size 4096K, 21 young (86016K), 2 survivors (8192K)
 Metaspace       used 149051K, committed 151552K, reserved 983040K
  class space    used 20646K, committed 21888K, reserved 851968K
}
Event: 66.025 GC heap after
{Heap after GC invocations=58 (full 0):
 garbage-first heap   total 245760K, used 150106K [0x0000000680000000, 0x0000000800000000)
  region size 4096K, 3 young (12288K), 3 survivors (12288K)
 Metaspace       used 149051K, committed 151552K, reserved 983040K
  class space    used 20646K, committed 21888K, reserved 851968K
}
Event: 67.206 GC heap before
{Heap before GC invocations=58 (full 0):
 garbage-first heap   total 245760K, used 219738K [0x0000000680000000, 0x0000000800000000)
  region size 4096K, 20 young (81920K), 3 survivors (12288K)
 Metaspace       used 152193K, committed 154816K, reserved 1048576K
  class space    used 21133K, committed 22400K, reserved 851968K
}
Event: 67.219 GC heap after
{Heap after GC invocations=59 (full 0):
 garbage-first heap   total 245760K, used 161599K [0x0000000680000000, 0x0000000800000000)
  region size 4096K, 3 young (12288K), 3 survivors (12288K)
 Metaspace       used 152193K, committed 154816K, reserved 1048576K
  class space    used 21133K, committed 22400K, reserved 851968K
}
Event: 68.576 GC heap before
{Heap before GC invocations=60 (full 0):
 garbage-first heap   total 274432K, used 214847K [0x0000000680000000, 0x0000000800000000)
  region size 4096K, 16 young (65536K), 3 survivors (12288K)
 Metaspace       used 153118K, committed 155776K, reserved 1048576K
  class space    used 21208K, committed 22464K, reserved 851968K
}
Event: 68.589 GC heap after
{Heap after GC invocations=61 (full 0):
 garbage-first heap   total 274432K, used 172977K [0x0000000680000000, 0x0000000800000000)
  region size 4096K, 2 young (8192K), 2 survivors (8192K)
 Metaspace       used 153118K, committed 155776K, reserved 1048576K
  class space    used 21208K, committed 22464K, reserved 851968K
}
Event: 68.841 GC heap before
{Heap before GC invocations=61 (full 0):
 garbage-first heap   total 274432K, used 234417K [0x0000000680000000, 0x0000000800000000)
  region size 4096K, 18 young (73728K), 2 survivors (8192K)
 Metaspace       used 153142K, committed 155840K, reserved 1048576K
  class space    used 21209K, committed 22464K, reserved 851968K
}
Event: 68.854 GC heap after
{Heap after GC invocations=62 (full 0):
 garbage-first heap   total 274432K, used 175082K [0x0000000680000000, 0x0000000800000000)
  region size 4096K, 2 young (8192K), 2 survivors (8192K)
 Metaspace       used 153142K, committed 155840K, reserved 1048576K
  class space    used 21209K, committed 22464K, reserved 851968K
}
Event: 69.049 GC heap before
{Heap before GC invocations=62 (full 0):
 garbage-first heap   total 274432K, used 236522K [0x0000000680000000, 0x0000000800000000)
  region size 4096K, 18 young (73728K), 2 survivors (8192K)
 Metaspace       used 153143K, committed 155840K, reserved 1048576K
  class space    used 21209K, committed 22464K, reserved 851968K
}
Event: 69.054 GC heap after
{Heap after GC invocations=63 (full 0):
 garbage-first heap   total 331776K, used 176042K [0x0000000680000000, 0x0000000800000000)
  region size 4096K, 2 young (8192K), 2 survivors (8192K)
 Metaspace       used 153143K, committed 155840K, reserved 1048576K
  class space    used 21209K, committed 22464K, reserved 851968K
}
Event: 70.984 GC heap before
{Heap before GC invocations=64 (full 0):
 garbage-first heap   total 331776K, used 286634K [0x0000000680000000, 0x0000000800000000)
  region size 4096K, 29 young (118784K), 2 survivors (8192K)
 Metaspace       used 154116K, committed 156800K, reserved 1048576K
  class space    used 21366K, committed 22656K, reserved 851968K
}
Event: 70.997 GC heap after
{Heap after GC invocations=65 (full 0):
 garbage-first heap   total 331776K, used 200143K [0x0000000680000000, 0x0000000800000000)
  region size 4096K, 4 young (16384K), 4 survivors (16384K)
 Metaspace       used 154116K, committed 156800K, reserved 1048576K
  class space    used 21366K, committed 22656K, reserved 851968K
}
Event: 71.297 GC heap before
{Heap before GC invocations=65 (full 0):
 garbage-first heap   total 331776K, used 277967K [0x0000000680000000, 0x0000000800000000)
  region size 4096K, 24 young (98304K), 4 survivors (16384K)
 Metaspace       used 154117K, committed 156800K, reserved 1048576K
  class space    used 21366K, committed 22656K, reserved 851968K
}
Event: 71.312 GC heap after
{Heap after GC invocations=66 (full 0):
 garbage-first heap   total 331776K, used 203011K [0x0000000680000000, 0x0000000800000000)
  region size 4096K, 2 young (8192K), 2 survivors (8192K)
 Metaspace       used 154117K, committed 156800K, reserved 1048576K
  class space    used 21366K, committed 22656K, reserved 851968K
}
Event: 72.040 GC heap before
{Heap before GC invocations=66 (full 0):
 garbage-first heap   total 331776K, used 280835K [0x0000000680000000, 0x0000000800000000)
  region size 4096K, 22 young (90112K), 2 survivors (8192K)
 Metaspace       used 154184K, committed 156928K, reserved 1048576K
  class space    used 21374K, committed 22656K, reserved 851968K
}
Event: 72.046 GC heap after
{Heap after GC invocations=67 (full 0):
 garbage-first heap   total 331776K, used 211366K [0x0000000680000000, 0x0000000800000000)
  region size 4096K, 3 young (12288K), 3 survivors (12288K)
 Metaspace       used 154184K, committed 156928K, reserved 1048576K
  class space    used 21374K, committed 22656K, reserved 851968K
}

