# JRE version: OpenJDK Runtime Environment (21.0.8) (build 21.0.8+-14196175-b1038.72)
# Java VM: OpenJDK 64-Bit Server VM (21.0.8+-14196175-b1038.72, mixed mode, tiered, compressed oops, compressed class ptrs, g1 gc, windows-amd64)
GC Precious Log:
 CardTable entry size: 512
 Card Set container configuration: InlinePtr #cards 4 size 8 Array Of Cards #cards 32 size 80 Howl #buckets 8 coarsen threshold 7372 Howl Bitmap #cards 1024 size 144 coarsen threshold 921 Card regions per heap region 1 cards per card region 8192
 CPUs: 12 total, 12 available
 Memory: 15676M
 Large Page Support: Disabled
 NUMA Support: Disabled
 Compressed Oops: Enabled (Zero based)
 Heap Region Size: 4M
 Heap Min Capacity: 8M
 Heap Initial Capacity: 248M
 Heap Max Capacity: 6G
 Pre-touch: Disabled
 Parallel Workers: 10
 Concurrent Workers: 3
 Concurrent Refinement Workers: 10
 Periodic GC: Disabled
Heap:
 garbage-first heap   total 192512K, used 161425K [0x0000000680000000, 0x0000000800000000)
  region size 4096K, 14 young (57344K), 2 survivors (8192K)
 Metaspace       used 114004K, committed 116224K, reserved 983040K
  class space    used 15896K, committed 16960K, reserved 851968K
GC Heap History (20 events):
Event: 25.690 GC heap before
{Heap before GC invocations=34 (full 0):
 garbage-first heap   total 159744K, used 137975K [0x0000000680000000, 0x0000000800000000)
  region size 4096K, 15 young (61440K), 2 survivors (8192K)
 Metaspace       used 93124K, committed 95168K, reserved 983040K
  class space    used 13273K, committed 14208K, reserved 851968K
}
Event: 25.696 GC heap after
{Heap after GC invocations=35 (full 0):
 garbage-first heap   total 159744K, used 87897K [0x0000000680000000, 0x0000000800000000)
  region size 4096K, 2 young (8192K), 2 survivors (8192K)
 Metaspace       used 93124K, committed 95168K, reserved 983040K
  class space    used 13273K, committed 14208K, reserved 851968K
}
Event: 25.897 GC heap before
{Heap before GC invocations=36 (full 0):
 garbage-first heap   total 159744K, used 128857K [0x0000000680000000, 0x0000000800000000)
  region size 4096K, 13 young (53248K), 2 survivors (8192K)
 Metaspace       used 93129K, committed 95168K, reserved 983040K
  class space    used 13273K, committed 14208K, reserved 851968K
}
Event: 25.901 GC heap after
{Heap after GC invocations=37 (full 0):
 garbage-first heap   total 159744K, used 88747K [0x0000000680000000, 0x0000000800000000)
  region size 4096K, 2 young (8192K), 2 survivors (8192K)
 Metaspace       used 93129K, committed 95168K, reserved 983040K
  class space    used 13273K, committed 14208K, reserved 851968K
}
Event: 26.098 GC heap before
{Heap before GC invocations=37 (full 0):
 garbage-first heap   total 159744K, used 133803K [0x0000000680000000, 0x0000000800000000)
  region size 4096K, 13 young (53248K), 2 survivors (8192K)
 Metaspace       used 93136K, committed 95168K, reserved 983040K
  class space    used 13274K, committed 14208K, reserved 851968K
}
Event: 26.104 GC heap after
{Heap after GC invocations=38 (full 0):
 garbage-first heap   total 159744K, used 88373K [0x0000000680000000, 0x0000000800000000)
  region size 4096K, 2 young (8192K), 2 survivors (8192K)
 Metaspace       used 93136K, committed 95168K, reserved 983040K
  class space    used 13274K, committed 14208K, reserved 851968K
}
Event: 26.648 GC heap before
{Heap before GC invocations=38 (full 0):
 garbage-first heap   total 159744K, used 129333K [0x0000000680000000, 0x0000000800000000)
  region size 4096K, 13 young (53248K), 2 survivors (8192K)
 Metaspace       used 95120K, committed 97216K, reserved 983040K
  class space    used 13521K, committed 14528K, reserved 851968K
}
Event: 26.653 GC heap after
{Heap after GC invocations=39 (full 0):
 garbage-first heap   total 159744K, used 99570K [0x0000000680000000, 0x0000000800000000)
  region size 4096K, 2 young (8192K), 2 survivors (8192K)
 Metaspace       used 95120K, committed 97216K, reserved 983040K
  class space    used 13521K, committed 14528K, reserved 851968K
}
Event: 27.429 GC heap before
{Heap before GC invocations=40 (full 0):
 garbage-first heap   total 172032K, used 136434K [0x0000000680000000, 0x0000000800000000)
  region size 4096K, 11 young (45056K), 2 survivors (8192K)
 Metaspace       used 98905K, committed 100992K, reserved 983040K
  class space    used 13893K, committed 14912K, reserved 851968K
}
Event: 27.433 GC heap after
{Heap after GC invocations=41 (full 0):
 garbage-first heap   total 172032K, used 100685K [0x0000000680000000, 0x0000000800000000)
  region size 4096K, 1 young (4096K), 1 survivors (4096K)
 Metaspace       used 98905K, committed 100992K, reserved 983040K
  class space    used 13893K, committed 14912K, reserved 851968K
}
Event: 27.997 GC heap before
{Heap before GC invocations=41 (full 0):
 garbage-first heap   total 172032K, used 145741K [0x0000000680000000, 0x0000000800000000)
  region size 4096K, 12 young (49152K), 1 survivors (4096K)
 Metaspace       used 102047K, committed 104192K, reserved 983040K
  class space    used 14283K, committed 15296K, reserved 851968K
}
Event: 28.002 GC heap after
{Heap after GC invocations=42 (full 0):
 garbage-first heap   total 172032K, used 104731K [0x0000000680000000, 0x0000000800000000)
  region size 4096K, 2 young (8192K), 2 survivors (8192K)
 Metaspace       used 102047K, committed 104192K, reserved 983040K
  class space    used 14283K, committed 15296K, reserved 851968K
}
Event: 28.811 GC heap before
{Heap before GC invocations=42 (full 0):
 garbage-first heap   total 172032K, used 149787K [0x0000000680000000, 0x0000000800000000)
  region size 4096K, 13 young (53248K), 2 survivors (8192K)
 Metaspace       used 105359K, committed 107456K, reserved 983040K
  class space    used 14697K, committed 15744K, reserved 851968K
}
Event: 28.816 GC heap after
{Heap after GC invocations=43 (full 0):
 garbage-first heap   total 172032K, used 106953K [0x0000000680000000, 0x0000000800000000)
  region size 4096K, 1 young (4096K), 1 survivors (4096K)
 Metaspace       used 105359K, committed 107456K, reserved 983040K
  class space    used 14697K, committed 15744K, reserved 851968K
}
Event: 29.148 GC heap before
{Heap before GC invocations=43 (full 0):
 garbage-first heap   total 172032K, used 115145K [0x0000000680000000, 0x0000000800000000)
  region size 4096K, 4 young (16384K), 1 survivors (4096K)
 Metaspace       used 106165K, committed 108224K, reserved 983040K
  class space    used 14803K, committed 15808K, reserved 851968K
}
Event: 29.153 GC heap after
{Heap after GC invocations=44 (full 0):
 garbage-first heap   total 172032K, used 107250K [0x0000000680000000, 0x0000000800000000)
  region size 4096K, 1 young (4096K), 1 survivors (4096K)
 Metaspace       used 106165K, committed 108224K, reserved 983040K
  class space    used 14803K, committed 15808K, reserved 851968K
}
Event: 31.302 GC heap before
{Heap before GC invocations=45 (full 0):
 garbage-first heap   total 192512K, used 156402K [0x0000000680000000, 0x0000000800000000)
  region size 4096K, 12 young (49152K), 1 survivors (4096K)
 Metaspace       used 109616K, committed 111808K, reserved 983040K
  class space    used 15289K, committed 16320K, reserved 851968K
}
Event: 31.306 GC heap after
{Heap after GC invocations=46 (full 0):
 garbage-first heap   total 192512K, used 112749K [0x0000000680000000, 0x0000000800000000)
  region size 4096K, 1 young (4096K), 1 survivors (4096K)
 Metaspace       used 109616K, committed 111808K, reserved 983040K
  class space    used 15289K, committed 16320K, reserved 851968K
}
Event: 32.333 GC heap before
{Heap before GC invocations=46 (full 0):
 garbage-first heap   total 192512K, used 170093K [0x0000000680000000, 0x0000000800000000)
  region size 4096K, 15 young (61440K), 1 survivors (4096K)
 Metaspace       used 112636K, committed 114816K, reserved 983040K
  class space    used 15714K, committed 16768K, reserved 851968K
}
Event: 32.342 GC heap after
{Heap after GC invocations=47 (full 0):
 garbage-first heap   total 192512K, used 116369K [0x0000000680000000, 0x0000000800000000)
  region size 4096K, 2 young (8192K), 2 survivors (8192K)
 Metaspace       used 112636K, committed 114816K, reserved 983040K
  class space    used 15714K, committed 16768K, reserved 851968K
}

